
**** Build of configuration Debug for project JTKJ_labra ****

"C:\\ti\\ccsv6\\utils\\bin\\gmake" -k all 
making ../src/sysbios/rom_sysbios.aem3 ...
gmake[1]: Entering directory 'C:/ti/JTKJ_labra_2020/src/sysbios'
gmake[1]: Nothing to be done for 'all'.
gmake[1]: Leaving directory 'C:/ti/JTKJ_labra_2020/src/sysbios'
'Building file: ../main.c'
'Invoking: ARM Compiler'
"C:/ti/ccsv6/tools/compiler/ti-cgt-arm_15.12.1.LTS/bin/armcl" -mv7M3 --code_state=16 --float_support=vfplib -me --include_path="C:/ti/JTKJ_labra_2020" --include_path="C:/ti/tirtos_cc13xx_cc26xx_2_20_00_06/products/cc26xxware_2_24_02_17202" --include_path="C:/ti/ccsv6/tools/compiler/ti-cgt-arm_15.12.1.LTS/include" -g --define=ccs --diag_wrap=off --diag_warning=225 --diag_warning=255 --display_error_number --gen_func_subsections=on --abi=eabi --preproc_with_compile --preproc_dependency="main.d" --cmd_file="configPkg/compiler.opt" "../main.c"
"../main.c", line 59: warning #179-D: variable "i2c" was declared but never referenced
"../main.c", line 60: warning #179-D: variable "i2cParams" was declared but never referenced
"../main.c", line 61: warning #179-D: variable "displayHandle" was declared but never referenced
"../main.c", line 62: warning #179-D: variable "uartHandle" was declared but never referenced
'Finished building: ../main.c'
' '
'Building target: JTKJ_labra.out'
'Invoking: ARM Linker'
"C:/ti/ccsv6/tools/compiler/ti-cgt-arm_15.12.1.LTS/bin/armcl" -mv7M3 --code_state=16 --float_support=vfplib -me -g --define=ccs --diag_wrap=off --diag_warning=225 --diag_warning=255 --display_error_number --gen_func_subsections=on --abi=eabi -z -m"JTKJ_labra.map" --stack_size=256 --heap_size=0 -i"C:/ti/ccsv6/tools/compiler/ti-cgt-arm_15.12.1.LTS/lib" -i"C:/ti/ccsv6/tools/compiler/ti-cgt-arm_15.12.1.LTS/include" --reread_libs --display_error_number --warn_sections --diag_wrap=off --xml_link_info="JTKJ_labra_linkInfo.xml" --rom_model -o "JTKJ_labra.out" "./CC2650STK.obj" "./ccfg.obj" "./main.obj" "./sensors/bmp280.obj" "./sensors/hdc1000.obj" "./sensors/mpu9250.obj" "./sensors/opt3001.obj" "./sensors/tmp007.obj" "./wireless/CWC_CC2650_154Drv.obj" "./wireless/CWC_IntegrTest.obj" "./wireless/ERRORS.obj" "./wireless/comm_lib.obj" "../CC2650STK.cmd" -l"configPkg/linker.cmd" -l"C:/ti/tirtos_cc13xx_cc26xx_2_20_00_06/products/cc26xxware_2_24_02_17202/driverlib/bin/ccs/driverlib.lib" -llibc.a 
<Linking>
'Finished building target: JTKJ_labra.out'
' '

**** Build Finished ****

**** Build of configuration Debug for project JTKJ_labra ****

"C:\\ti\\ccsv6\\utils\\bin\\gmake" -k all 
making ../src/sysbios/rom_sysbios.aem3 ...
gmake[1]: Entering directory 'C:/ti/JTKJ_labra_2020/src/sysbios'
gmake[1]: Nothing to be done for 'all'.
gmake[1]: Leaving directory 'C:/ti/JTKJ_labra_2020/src/sysbios'

**** Build Finished ****

**** Build of configuration Debug for project JTKJ_labra ****

"C:\\ti\\ccsv6\\utils\\bin\\gmake" -k all 
making ../src/sysbios/rom_sysbios.aem3 ...
gmake[1]: Entering directory 'C:/ti/JTKJ_labra_2020/src/sysbios'
gmake[1]: Nothing to be done for 'all'.
gmake[1]: Leaving directory 'C:/ti/JTKJ_labra_2020/src/sysbios'
'Building file: ../main.c'
'Invoking: ARM Compiler'
"C:/ti/ccsv6/tools/compiler/ti-cgt-arm_15.12.1.LTS/bin/armcl" -mv7M3 --code_state=16 --float_support=vfplib -me --include_path="C:/ti/JTKJ_labra_2020" --include_path="C:/ti/tirtos_cc13xx_cc26xx_2_20_00_06/products/cc26xxware_2_24_02_17202" --include_path="C:/ti/ccsv6/tools/compiler/ti-cgt-arm_15.12.1.LTS/include" -g --define=ccs --diag_wrap=off --diag_warning=225 --diag_warning=255 --display_error_number --gen_func_subsections=on --abi=eabi --preproc_with_compile --preproc_dependency="main.d" --cmd_file="configPkg/compiler.opt" "../main.c"
"../main.c", line 59: warning #179-D: variable "i2c" was declared but never referenced
"../main.c", line 60: warning #179-D: variable "i2cParams" was declared but never referenced
"../main.c", line 61: warning #179-D: variable "displayHandle" was declared but never referenced
"../main.c", line 62: warning #179-D: variable "uartHandle" was declared but never referenced
'Finished building: ../main.c'
' '
'Building target: JTKJ_labra.out'
'Invoking: ARM Linker'
"C:/ti/ccsv6/tools/compiler/ti-cgt-arm_15.12.1.LTS/bin/armcl" -mv7M3 --code_state=16 --float_support=vfplib -me -g --define=ccs --diag_wrap=off --diag_warning=225 --diag_warning=255 --display_error_number --gen_func_subsections=on --abi=eabi -z -m"JTKJ_labra.map" --stack_size=256 --heap_size=0 -i"C:/ti/ccsv6/tools/compiler/ti-cgt-arm_15.12.1.LTS/lib" -i"C:/ti/ccsv6/tools/compiler/ti-cgt-arm_15.12.1.LTS/include" --reread_libs --display_error_number --warn_sections --diag_wrap=off --xml_link_info="JTKJ_labra_linkInfo.xml" --rom_model -o "JTKJ_labra.out" "./CC2650STK.obj" "./ccfg.obj" "./main.obj" "./sensors/bmp280.obj" "./sensors/hdc1000.obj" "./sensors/mpu9250.obj" "./sensors/opt3001.obj" "./sensors/tmp007.obj" "./wireless/CWC_CC2650_154Drv.obj" "./wireless/CWC_IntegrTest.obj" "./wireless/ERRORS.obj" "./wireless/comm_lib.obj" "../CC2650STK.cmd" -l"configPkg/linker.cmd" -l"C:/ti/tirtos_cc13xx_cc26xx_2_20_00_06/products/cc26xxware_2_24_02_17202/driverlib/bin/ccs/driverlib.lib" -llibc.a 
<Linking>
'Finished building target: JTKJ_labra.out'
' '

**** Build Finished ****

**** Build of configuration Debug for project JTKJ_labra ****

"C:\\ti\\ccsv6\\utils\\bin\\gmake" -k all 
making ../src/sysbios/rom_sysbios.aem3 ...
gmake[1]: Entering directory 'C:/ti/JTKJ_labra_2020/src/sysbios'
gmake[1]: Nothing to be done for 'all'.
gmake[1]: Leaving directory 'C:/ti/JTKJ_labra_2020/src/sysbios'

**** Build Finished ****
